\BOOKMARK [0][-]{chapter.1}{\376\377\0001\000\040\000I\000n\000d\000e\000k\000s\000\040\000s\000t\000r\000u\000k\000t\000u\000r\000\040\000d\000a\000n\000y\000c\000h}{}% 1
\BOOKMARK [1][-]{section.1.1}{\376\377\0001\000.\0001\000\040\000S\000t\000r\000u\000k\000t\000u\000r\000y\000\040\000d\000a\000n\000y\000c\000h}{chapter.1}% 2
\BOOKMARK [0][-]{chapter.2}{\376\377\0002\000\040\000I\000n\000d\000e\000k\000s\000\040\000p\000l\000i\000k\000\363\000w}{}% 3
\BOOKMARK [1][-]{section.2.1}{\376\377\0002\000.\0001\000\040\000L\000i\000s\000t\000a\000\040\000p\000l\000i\000k\000\363\000w}{chapter.2}% 4
\BOOKMARK [0][-]{chapter.3}{\376\377\0003\000\040\000D\000o\000k\000u\000m\000e\000n\000t\000a\000c\000j\000a\000\040\000s\000t\000r\000u\000k\000t\000u\000r\000\040\000d\000a\000n\000y\000c\000h}{}% 5
\BOOKMARK [1][-]{section.3.1}{\376\377\0003\000.\0001\000\040\000D\000o\000k\000u\000m\000e\000n\000t\000a\000c\000j\000a\000\040\000s\000t\000r\000u\000k\000t\000u\000r\000y\000\040\000B\000o\000m\000b}{chapter.3}% 6
\BOOKMARK [2][-]{subsection.3.1.1}{\376\377\0003\000.\0001\000.\0001\000\040\000O\000p\000i\000s\000\040\000s\000z\000c\000z\000e\000g\000\363\001\102\000o\000w\000y}{section.3.1}% 7
\BOOKMARK [2][-]{subsection.3.1.2}{\376\377\0003\000.\0001\000.\0002\000\040\000D\000o\000k\000u\000m\000e\000n\000t\000a\000c\000j\000a\000\040\000p\000\363\000l}{section.3.1}% 8
\BOOKMARK [3][-]{subsubsection.3.1.2.1}{\376\377\0003\000.\0001\000.\0002\000.\0001\000\040\000c\000o\000o\000r\000d\000s}{subsection.3.1.2}% 9
\BOOKMARK [3][-]{subsubsection.3.1.2.2}{\376\377\0003\000.\0001\000.\0002\000.\0002\000\040\000e\000x\000p\000l\000o\000s\000i\000o\000n\000T\000i\000m\000e\000r}{subsection.3.1.2}% 10
\BOOKMARK [3][-]{subsubsection.3.1.2.3}{\376\377\0003\000.\0001\000.\0002\000.\0003\000\040\000f\000i\000r\000e\000C\000r\000o\000s\000s}{subsection.3.1.2}% 11
\BOOKMARK [3][-]{subsubsection.3.1.2.4}{\376\377\0003\000.\0001\000.\0002\000.\0004\000\040\000k\000i\000c\000k\000D\000i\000r\000e\000c\000t\000i\000o\000n}{subsection.3.1.2}% 12
\BOOKMARK [3][-]{subsubsection.3.1.2.5}{\376\377\0003\000.\0001\000.\0002\000.\0005\000\040\000k\000i\000c\000k\000T\000i\000m\000e\000r}{subsection.3.1.2}% 13
\BOOKMARK [3][-]{subsubsection.3.1.2.6}{\376\377\0003\000.\0001\000.\0002\000.\0006\000\040\000s\000i\000z\000e}{subsection.3.1.2}% 14
\BOOKMARK [3][-]{subsubsection.3.1.2.7}{\376\377\0003\000.\0001\000.\0002\000.\0007\000\040\000s\000t\000a\000t\000F\000l\000a\000g}{subsection.3.1.2}% 15
\BOOKMARK [1][-]{section.3.2}{\376\377\0003\000.\0002\000\040\000D\000o\000k\000u\000m\000e\000n\000t\000a\000c\000j\000a\000\040\000s\000t\000r\000u\000k\000t\000u\000r\000y\000\040\000E\000n\000e\000m\000y}{chapter.3}% 16
\BOOKMARK [2][-]{subsection.3.2.1}{\376\377\0003\000.\0002\000.\0001\000\040\000O\000p\000i\000s\000\040\000s\000z\000c\000z\000e\000g\000\363\001\102\000o\000w\000y}{section.3.2}% 17
\BOOKMARK [2][-]{subsection.3.2.2}{\376\377\0003\000.\0002\000.\0002\000\040\000D\000o\000k\000u\000m\000e\000n\000t\000a\000c\000j\000a\000\040\000p\000\363\000l}{section.3.2}% 18
\BOOKMARK [3][-]{subsubsection.3.2.2.1}{\376\377\0003\000.\0002\000.\0002\000.\0001\000\040\000c\000o\000o\000r\000d\000s}{subsection.3.2.2}% 19
\BOOKMARK [3][-]{subsubsection.3.2.2.2}{\376\377\0003\000.\0002\000.\0002\000.\0002\000\040\000d\000i\000r\000e\000c\000t\000i\000o\000n}{subsection.3.2.2}% 20
\BOOKMARK [3][-]{subsubsection.3.2.2.3}{\376\377\0003\000.\0002\000.\0002\000.\0003\000\040\000r\000o\000t\000t\000i\000n\000g\000T\000i\000m\000e}{subsection.3.2.2}% 21
\BOOKMARK [3][-]{subsubsection.3.2.2.4}{\376\377\0003\000.\0002\000.\0002\000.\0004\000\040\000s\000t\000a\000t\000u\000s}{subsection.3.2.2}% 22
\BOOKMARK [3][-]{subsubsection.3.2.2.5}{\376\377\0003\000.\0002\000.\0002\000.\0005\000\040\000t\000y\000p\000e}{subsection.3.2.2}% 23
\BOOKMARK [1][-]{section.3.3}{\376\377\0003\000.\0003\000\040\000D\000o\000k\000u\000m\000e\000n\000t\000a\000c\000j\000a\000\040\000s\000t\000r\000u\000k\000t\000u\000r\000y\000\040\000P\000l\000a\000y\000e\000r}{chapter.3}% 24
\BOOKMARK [2][-]{subsection.3.3.1}{\376\377\0003\000.\0003\000.\0001\000\040\000O\000p\000i\000s\000\040\000s\000z\000c\000z\000e\000g\000\363\001\102\000o\000w\000y}{section.3.3}% 25
\BOOKMARK [2][-]{subsection.3.3.2}{\376\377\0003\000.\0003\000.\0002\000\040\000D\000o\000k\000u\000m\000e\000n\000t\000a\000c\000j\000a\000\040\000p\000\363\000l}{section.3.3}% 26
\BOOKMARK [3][-]{subsubsection.3.3.2.1}{\376\377\0003\000.\0003\000.\0002\000.\0001\000\040\000b\000o\000m\000b\000L\000i\000s\000t}{subsection.3.3.2}% 27
\BOOKMARK [3][-]{subsubsection.3.3.2.2}{\376\377\0003\000.\0003\000.\0002\000.\0002\000\040\000b\000r\000o\000k\000e\000n\000S\000h\000i\000e\000l\000d\000T\000i\000m\000e\000r}{subsection.3.3.2}% 28
\BOOKMARK [3][-]{subsubsection.3.3.2.3}{\376\377\0003\000.\0003\000.\0002\000.\0003\000\040\000c\000o\000o\000r\000d\000s}{subsection.3.3.2}% 29
\BOOKMARK [3][-]{subsubsection.3.3.2.4}{\376\377\0003\000.\0003\000.\0002\000.\0004\000\040\000n\000e\000w\000e\000s\000t\000B\000o\000m\000b}{subsection.3.3.2}% 30
\BOOKMARK [3][-]{subsubsection.3.3.2.5}{\376\377\0003\000.\0003\000.\0002\000.\0005\000\040\000o\000l\000d\000e\000s\000t\000B\000o\000m\000b}{subsection.3.3.2}% 31
\BOOKMARK [3][-]{subsubsection.3.3.2.6}{\376\377\0003\000.\0003\000.\0002\000.\0006\000\040\000s\000c\000o\000r\000e}{subsection.3.3.2}% 32
\BOOKMARK [3][-]{subsubsection.3.3.2.7}{\376\377\0003\000.\0003\000.\0002\000.\0007\000\040\000s\000t\000a\000t\000u\000s}{subsection.3.3.2}% 33
\BOOKMARK [3][-]{subsubsection.3.3.2.8}{\376\377\0003\000.\0003\000.\0002\000.\0008\000\040\000t\000i\000m\000e\000L\000e\000f\000t}{subsection.3.3.2}% 34
\BOOKMARK [3][-]{subsubsection.3.3.2.9}{\376\377\0003\000.\0003\000.\0002\000.\0009\000\040\000u\000p\000g\000r\000a\000d\000e\000s}{subsection.3.3.2}% 35
\BOOKMARK [1][-]{section.3.4}{\376\377\0003\000.\0004\000\040\000D\000o\000k\000u\000m\000e\000n\000t\000a\000c\000j\000a\000\040\000s\000t\000r\000u\000k\000t\000u\000r\000y\000\040\000t\000i\000l\000e}{chapter.3}% 36
\BOOKMARK [2][-]{subsection.3.4.1}{\376\377\0003\000.\0004\000.\0001\000\040\000D\000o\000k\000u\000m\000e\000n\000t\000a\000c\000j\000a\000\040\000p\000\363\000l}{section.3.4}% 37
\BOOKMARK [3][-]{subsubsection.3.4.1.1}{\376\377\0003\000.\0004\000.\0001\000.\0001\000\040\000f\000i\000r\000e\000L\000a\000y\000e\000r\000s}{subsection.3.4.1}% 38
\BOOKMARK [3][-]{subsubsection.3.4.1.2}{\376\377\0003\000.\0004\000.\0001\000.\0002\000\040\000t\000y\000p\000e}{subsection.3.4.1}% 39
\BOOKMARK [3][-]{subsubsection.3.4.1.3}{\376\377\0003\000.\0004\000.\0001\000.\0003\000\040\000u\000p\000g\000r\000a\000d\000e}{subsection.3.4.1}% 40
\BOOKMARK [1][-]{section.3.5}{\376\377\0003\000.\0005\000\040\000D\000o\000k\000u\000m\000e\000n\000t\000a\000c\000j\000a\000\040\000s\000t\000r\000u\000k\000t\000u\000r\000y\000\040\000X\000Y}{chapter.3}% 41
\BOOKMARK [2][-]{subsection.3.5.1}{\376\377\0003\000.\0005\000.\0001\000\040\000D\000o\000k\000u\000m\000e\000n\000t\000a\000c\000j\000a\000\040\000p\000\363\000l}{section.3.5}% 42
\BOOKMARK [3][-]{subsubsection.3.5.1.1}{\376\377\0003\000.\0005\000.\0001\000.\0001\000\040\000x}{subsection.3.5.1}% 43
\BOOKMARK [3][-]{subsubsection.3.5.1.2}{\376\377\0003\000.\0005\000.\0001\000.\0002\000\040\000y}{subsection.3.5.1}% 44
\BOOKMARK [0][-]{chapter.4}{\376\377\0004\000\040\000D\000o\000k\000u\000m\000e\000n\000t\000a\000c\000j\000a\000\040\000p\000l\000i\000k\000\363\000w}{}% 45
\BOOKMARK [1][-]{section.4.1}{\376\377\0004\000.\0001\000\040\000D\000o\000k\000u\000m\000e\000n\000t\000a\000c\000j\000a\000\040\000p\000l\000i\000k\000u\000\040\000d\000r\000a\000w\000.\000c}{chapter.4}% 46
\BOOKMARK [2][-]{subsection.4.1.1}{\376\377\0004\000.\0001\000.\0001\000\040\000D\000o\000k\000u\000m\000e\000n\000t\000a\000c\000j\000a\000\040\000f\000u\000n\000k\000c\000j\000i}{section.4.1}% 47
\BOOKMARK [3][-]{subsubsection.4.1.1.1}{\376\377\0004\000.\0001\000.\0001\000.\0001\000\040\000d\000r\000a\000w\000A\000l\000l\000E\000n\000e\000m\000i\000e\000s\000\050\000\051}{subsection.4.1.1}% 48
\BOOKMARK [3][-]{subsubsection.4.1.1.2}{\376\377\0004\000.\0001\000.\0001\000.\0002\000\040\000d\000r\000a\000w\000B\000o\000m\000b\000\050\000\051}{subsection.4.1.1}% 49
\BOOKMARK [3][-]{subsubsection.4.1.1.3}{\376\377\0004\000.\0001\000.\0001\000.\0003\000\040\000d\000r\000a\000w\000B\000o\000m\000b\000s\000\050\000\051}{subsection.4.1.1}% 50
\BOOKMARK [3][-]{subsubsection.4.1.1.4}{\376\377\0004\000.\0001\000.\0001\000.\0004\000\040\000d\000r\000a\000w\000E\000n\000e\000m\000y\000\050\000\051}{subsection.4.1.1}% 51
\BOOKMARK [3][-]{subsubsection.4.1.1.5}{\376\377\0004\000.\0001\000.\0001\000.\0005\000\040\000d\000r\000a\000w\000E\000n\000e\000m\000y\000B\000l\000i\000n\000d\000\050\000\051}{subsection.4.1.1}% 52
\BOOKMARK [3][-]{subsubsection.4.1.1.6}{\376\377\0004\000.\0001\000.\0001\000.\0006\000\040\000d\000r\000a\000w\000E\000n\000e\000m\000y\000c\000h\000a\000r\000g\000e\000r\000C\000a\000l\000m\000\050\000\051}{subsection.4.1.1}% 53
\BOOKMARK [3][-]{subsubsection.4.1.1.7}{\376\377\0004\000.\0001\000.\0001\000.\0007\000\040\000d\000r\000a\000w\000E\000n\000e\000m\000y\000c\000h\000a\000r\000g\000e\000r\000U\000p\000s\000e\000t\000\050\000\051}{subsection.4.1.1}% 54
\BOOKMARK [3][-]{subsubsection.4.1.1.8}{\376\377\0004\000.\0001\000.\0001\000.\0008\000\040\000d\000r\000a\000w\000E\000n\000e\000m\000y\000R\000a\000n\000d\000o\000m\000\050\000\051}{subsection.4.1.1}% 55
\BOOKMARK [3][-]{subsubsection.4.1.1.9}{\376\377\0004\000.\0001\000.\0001\000.\0009\000\040\000d\000r\000a\000w\000G\000r\000i\000d\000\050\000\051}{subsection.4.1.1}% 56
\BOOKMARK [3][-]{subsubsection.4.1.1.10}{\376\377\0004\000.\0001\000.\0001\000.\0001\0000\000\040\000d\000r\000a\000w\000G\000r\000i\000d\000B\000a\000s\000e\000\050\000\051}{subsection.4.1.1}% 57
\BOOKMARK [3][-]{subsubsection.4.1.1.11}{\376\377\0004\000.\0001\000.\0001\000.\0001\0001\000\040\000d\000r\000a\000w\000P\000a\000u\000s\000e\000S\000c\000r\000e\000e\000n\000\050\000\051}{subsection.4.1.1}% 58
\BOOKMARK [3][-]{subsubsection.4.1.1.12}{\376\377\0004\000.\0001\000.\0001\000.\0001\0002\000\040\000d\000r\000a\000w\000P\000l\000a\000y\000e\000r\000\050\000\051}{subsection.4.1.1}% 59
\BOOKMARK [3][-]{subsubsection.4.1.1.13}{\376\377\0004\000.\0001\000.\0001\000.\0001\0003\000\040\000d\000r\000a\000w\000P\000o\000r\000t\000a\000l\000\050\000\051}{subsection.4.1.1}% 60
\BOOKMARK [3][-]{subsubsection.4.1.1.14}{\376\377\0004\000.\0001\000.\0001\000.\0001\0004\000\040\000d\000r\000a\000w\000S\000c\000o\000r\000e\000b\000o\000a\000r\000d\000\050\000\051}{subsection.4.1.1}% 61
\BOOKMARK [3][-]{subsubsection.4.1.1.15}{\376\377\0004\000.\0001\000.\0001\000.\0001\0005\000\040\000d\000r\000a\000w\000S\000q\000u\000a\000r\000e\000\050\000\051}{subsection.4.1.1}% 62
\BOOKMARK [3][-]{subsubsection.4.1.1.16}{\376\377\0004\000.\0001\000.\0001\000.\0001\0006\000\040\000d\000r\000a\000w\000U\000p\000g\000r\000a\000d\000e\000\050\000\051}{subsection.4.1.1}% 63
\BOOKMARK [3][-]{subsubsection.4.1.1.17}{\376\377\0004\000.\0001\000.\0001\000.\0001\0007\000\040\000i\000n\000i\000t\000G\000r\000i\000d\000\050\000\051}{subsection.4.1.1}% 64
\BOOKMARK [3][-]{subsubsection.4.1.1.18}{\376\377\0004\000.\0001\000.\0001\000.\0001\0008\000\040\000r\000e\000s\000e\000t\000D\000r\000a\000w\000S\000t\000a\000t\000i\000c\000s\000\050\000\051}{subsection.4.1.1}% 65
\BOOKMARK [3][-]{subsubsection.4.1.1.19}{\376\377\0004\000.\0001\000.\0001\000.\0001\0009\000\040\000s\000e\000t\000G\000l\000L\000i\000s\000t\000s\000\050\000\051}{subsection.4.1.1}% 66
\BOOKMARK [3][-]{subsubsection.4.1.1.20}{\376\377\0004\000.\0001\000.\0001\000.\0002\0000\000\040\000u\000n\000S\000e\000t\000G\000l\000L\000i\000s\000t\000\050\000\051}{subsection.4.1.1}% 67
\BOOKMARK [1][-]{section.4.2}{\376\377\0004\000.\0002\000\040\000D\000o\000k\000u\000m\000e\000n\000t\000a\000c\000j\000a\000\040\000p\000l\000i\000k\000u\000\040\000d\000r\000a\000w\000.\000h}{chapter.4}% 68
\BOOKMARK [2][-]{subsection.4.2.1}{\376\377\0004\000.\0002\000.\0001\000\040\000D\000o\000k\000u\000m\000e\000n\000t\000a\000c\000j\000a\000\040\000f\000u\000n\000k\000c\000j\000i}{section.4.2}% 69
\BOOKMARK [3][-]{subsubsection.4.2.1.1}{\376\377\0004\000.\0002\000.\0001\000.\0001\000\040\000d\000r\000a\000w\000A\000l\000l\000E\000n\000e\000m\000i\000e\000s\000\050\000\051}{subsection.4.2.1}% 70
\BOOKMARK [3][-]{subsubsection.4.2.1.2}{\376\377\0004\000.\0002\000.\0001\000.\0002\000\040\000d\000r\000a\000w\000B\000o\000m\000b\000\050\000\051}{subsection.4.2.1}% 71
\BOOKMARK [3][-]{subsubsection.4.2.1.3}{\376\377\0004\000.\0002\000.\0001\000.\0003\000\040\000d\000r\000a\000w\000B\000o\000m\000b\000s\000\050\000\051}{subsection.4.2.1}% 72
\BOOKMARK [3][-]{subsubsection.4.2.1.4}{\376\377\0004\000.\0002\000.\0001\000.\0004\000\040\000d\000r\000a\000w\000E\000n\000e\000m\000y\000\050\000\051}{subsection.4.2.1}% 73
\BOOKMARK [3][-]{subsubsection.4.2.1.5}{\376\377\0004\000.\0002\000.\0001\000.\0005\000\040\000d\000r\000a\000w\000E\000n\000e\000m\000y\000B\000l\000i\000n\000d\000\050\000\051}{subsection.4.2.1}% 74
\BOOKMARK [3][-]{subsubsection.4.2.1.6}{\376\377\0004\000.\0002\000.\0001\000.\0006\000\040\000d\000r\000a\000w\000E\000n\000e\000m\000y\000c\000h\000a\000r\000g\000e\000r\000C\000a\000l\000m\000\050\000\051}{subsection.4.2.1}% 75
\BOOKMARK [3][-]{subsubsection.4.2.1.7}{\376\377\0004\000.\0002\000.\0001\000.\0007\000\040\000d\000r\000a\000w\000E\000n\000e\000m\000y\000c\000h\000a\000r\000g\000e\000r\000U\000p\000s\000e\000t\000\050\000\051}{subsection.4.2.1}% 76
\BOOKMARK [3][-]{subsubsection.4.2.1.8}{\376\377\0004\000.\0002\000.\0001\000.\0008\000\040\000d\000r\000a\000w\000E\000n\000e\000m\000y\000R\000a\000n\000d\000o\000m\000\050\000\051}{subsection.4.2.1}% 77
\BOOKMARK [3][-]{subsubsection.4.2.1.9}{\376\377\0004\000.\0002\000.\0001\000.\0009\000\040\000d\000r\000a\000w\000G\000r\000i\000d\000\050\000\051}{subsection.4.2.1}% 78
\BOOKMARK [3][-]{subsubsection.4.2.1.10}{\376\377\0004\000.\0002\000.\0001\000.\0001\0000\000\040\000d\000r\000a\000w\000G\000r\000i\000d\000B\000a\000s\000e\000\050\000\051}{subsection.4.2.1}% 79
\BOOKMARK [3][-]{subsubsection.4.2.1.11}{\376\377\0004\000.\0002\000.\0001\000.\0001\0001\000\040\000d\000r\000a\000w\000P\000a\000u\000s\000e\000S\000c\000r\000e\000e\000n\000\050\000\051}{subsection.4.2.1}% 80
\BOOKMARK [3][-]{subsubsection.4.2.1.12}{\376\377\0004\000.\0002\000.\0001\000.\0001\0002\000\040\000d\000r\000a\000w\000P\000l\000a\000y\000e\000r\000\050\000\051}{subsection.4.2.1}% 81
\BOOKMARK [3][-]{subsubsection.4.2.1.13}{\376\377\0004\000.\0002\000.\0001\000.\0001\0003\000\040\000d\000r\000a\000w\000P\000o\000r\000t\000a\000l\000\050\000\051}{subsection.4.2.1}% 82
\BOOKMARK [3][-]{subsubsection.4.2.1.14}{\376\377\0004\000.\0002\000.\0001\000.\0001\0004\000\040\000d\000r\000a\000w\000S\000c\000o\000r\000e\000b\000o\000a\000r\000d\000\050\000\051}{subsection.4.2.1}% 83
\BOOKMARK [3][-]{subsubsection.4.2.1.15}{\376\377\0004\000.\0002\000.\0001\000.\0001\0005\000\040\000d\000r\000a\000w\000S\000q\000u\000a\000r\000e\000\050\000\051}{subsection.4.2.1}% 84
\BOOKMARK [3][-]{subsubsection.4.2.1.16}{\376\377\0004\000.\0002\000.\0001\000.\0001\0006\000\040\000d\000r\000a\000w\000U\000p\000g\000r\000a\000d\000e\000\050\000\051}{subsection.4.2.1}% 85
\BOOKMARK [3][-]{subsubsection.4.2.1.17}{\376\377\0004\000.\0002\000.\0001\000.\0001\0007\000\040\000i\000n\000i\000t\000G\000r\000i\000d\000\050\000\051}{subsection.4.2.1}% 86
\BOOKMARK [3][-]{subsubsection.4.2.1.18}{\376\377\0004\000.\0002\000.\0001\000.\0001\0008\000\040\000r\000e\000s\000e\000t\000D\000r\000a\000w\000S\000t\000a\000t\000i\000c\000s\000\050\000\051}{subsection.4.2.1}% 87
\BOOKMARK [3][-]{subsubsection.4.2.1.19}{\376\377\0004\000.\0002\000.\0001\000.\0001\0009\000\040\000s\000e\000t\000G\000l\000L\000i\000s\000t\000s\000\050\000\051}{subsection.4.2.1}% 88
\BOOKMARK [3][-]{subsubsection.4.2.1.20}{\376\377\0004\000.\0002\000.\0001\000.\0002\0000\000\040\000u\000n\000S\000e\000t\000G\000l\000L\000i\000s\000t\000\050\000\051}{subsection.4.2.1}% 89
\BOOKMARK [1][-]{section.4.3}{\376\377\0004\000.\0003\000\040\000D\000o\000k\000u\000m\000e\000n\000t\000a\000c\000j\000a\000\040\000p\000l\000i\000k\000u\000\040\000E\000n\000e\000m\000i\000e\000s\000.\000c}{chapter.4}% 90
\BOOKMARK [2][-]{subsection.4.3.1}{\376\377\0004\000.\0003\000.\0001\000\040\000D\000o\000k\000u\000m\000e\000n\000t\000a\000c\000j\000a\000\040\000f\000u\000n\000k\000c\000j\000i}{section.4.3}% 91
\BOOKMARK [3][-]{subsubsection.4.3.1.1}{\376\377\0004\000.\0003\000.\0001\000.\0001\000\040\000a\000d\000d\000E\000n\000e\000m\000y\000\050\000\051}{subsection.4.3.1}% 92
\BOOKMARK [3][-]{subsubsection.4.3.1.2}{\376\377\0004\000.\0003\000.\0001\000.\0002\000\040\000d\000r\000o\000p\000E\000n\000e\000m\000i\000e\000s\000\050\000\051}{subsection.4.3.1}% 93
\BOOKMARK [3][-]{subsubsection.4.3.1.3}{\376\377\0004\000.\0003\000.\0001\000.\0003\000\040\000i\000n\000i\000t\000E\000n\000e\000m\000i\000e\000s\000\050\000\051}{subsection.4.3.1}% 94
\BOOKMARK [3][-]{subsubsection.4.3.1.4}{\376\377\0004\000.\0003\000.\0001\000.\0004\000\040\000m\000a\000n\000a\000g\000e\000E\000n\000e\000m\000i\000e\000s\000A\000n\000d\000S\000c\000o\000r\000e\000\050\000\051}{subsection.4.3.1}% 95
\BOOKMARK [3][-]{subsubsection.4.3.1.5}{\376\377\0004\000.\0003\000.\0001\000.\0005\000\040\000m\000o\000v\000e\000B\000l\000i\000n\000d\000\050\000\051}{subsection.4.3.1}% 96
\BOOKMARK [3][-]{subsubsection.4.3.1.6}{\376\377\0004\000.\0003\000.\0001\000.\0006\000\040\000m\000o\000v\000e\000C\000h\000a\000r\000g\000e\000r\000\050\000\051}{subsection.4.3.1}% 97
\BOOKMARK [3][-]{subsubsection.4.3.1.7}{\376\377\0004\000.\0003\000.\0001\000.\0007\000\040\000m\000o\000v\000e\000E\000n\000e\000m\000y\000\050\000\051}{subsection.4.3.1}% 98
\BOOKMARK [3][-]{subsubsection.4.3.1.8}{\376\377\0004\000.\0003\000.\0001\000.\0008\000\040\000m\000o\000v\000e\000R\000a\000n\000d\000o\000m\000\050\000\051}{subsection.4.3.1}% 99
\BOOKMARK [3][-]{subsubsection.4.3.1.9}{\376\377\0004\000.\0003\000.\0001\000.\0009\000\040\000p\000o\000i\000n\000t\000T\000o\000w\000a\000r\000d\000s\000P\000l\000a\000y\000e\000r\000I\000f\000P\000o\000s\000s\000i\000b\000l\000e\000\050\000\051}{subsection.4.3.1}% 100
\BOOKMARK [3][-]{subsubsection.4.3.1.10}{\376\377\0004\000.\0003\000.\0001\000.\0001\0000\000\040\000r\000e\000s\000e\000t\000E\000n\000e\000m\000y\000S\000t\000a\000t\000i\000c\000s\000\050\000\051}{subsection.4.3.1}% 101
\BOOKMARK [1][-]{section.4.4}{\376\377\0004\000.\0004\000\040\000D\000o\000k\000u\000m\000e\000n\000t\000a\000c\000j\000a\000\040\000p\000l\000i\000k\000u\000\040\000E\000n\000e\000m\000i\000e\000s\000.\000h}{chapter.4}% 102
\BOOKMARK [2][-]{subsection.4.4.1}{\376\377\0004\000.\0004\000.\0001\000\040\000D\000o\000k\000u\000m\000e\000n\000t\000a\000c\000j\000a\000\040\000f\000u\000n\000k\000c\000j\000i}{section.4.4}% 103
\BOOKMARK [3][-]{subsubsection.4.4.1.1}{\376\377\0004\000.\0004\000.\0001\000.\0001\000\040\000a\000d\000d\000E\000n\000e\000m\000y\000\050\000\051}{subsection.4.4.1}% 104
\BOOKMARK [3][-]{subsubsection.4.4.1.2}{\376\377\0004\000.\0004\000.\0001\000.\0002\000\040\000d\000r\000o\000p\000E\000n\000e\000m\000i\000e\000s\000\050\000\051}{subsection.4.4.1}% 105
\BOOKMARK [3][-]{subsubsection.4.4.1.3}{\376\377\0004\000.\0004\000.\0001\000.\0003\000\040\000i\000n\000i\000t\000E\000n\000e\000m\000i\000e\000s\000\050\000\051}{subsection.4.4.1}% 106
\BOOKMARK [3][-]{subsubsection.4.4.1.4}{\376\377\0004\000.\0004\000.\0001\000.\0004\000\040\000m\000a\000n\000a\000g\000e\000E\000n\000e\000m\000i\000e\000s\000A\000n\000d\000S\000c\000o\000r\000e\000\050\000\051}{subsection.4.4.1}% 107
\BOOKMARK [3][-]{subsubsection.4.4.1.5}{\376\377\0004\000.\0004\000.\0001\000.\0005\000\040\000m\000o\000v\000e\000B\000l\000i\000n\000d\000\050\000\051}{subsection.4.4.1}% 108
\BOOKMARK [3][-]{subsubsection.4.4.1.6}{\376\377\0004\000.\0004\000.\0001\000.\0006\000\040\000m\000o\000v\000e\000C\000h\000a\000r\000g\000e\000r\000\050\000\051}{subsection.4.4.1}% 109
\BOOKMARK [3][-]{subsubsection.4.4.1.7}{\376\377\0004\000.\0004\000.\0001\000.\0007\000\040\000m\000o\000v\000e\000E\000n\000e\000m\000y\000\050\000\051}{subsection.4.4.1}% 110
\BOOKMARK [3][-]{subsubsection.4.4.1.8}{\376\377\0004\000.\0004\000.\0001\000.\0008\000\040\000m\000o\000v\000e\000R\000a\000n\000d\000o\000m\000\050\000\051}{subsection.4.4.1}% 111
\BOOKMARK [3][-]{subsubsection.4.4.1.9}{\376\377\0004\000.\0004\000.\0001\000.\0009\000\040\000p\000o\000i\000n\000t\000T\000o\000w\000a\000r\000d\000s\000P\000l\000a\000y\000e\000r\000I\000f\000P\000o\000s\000s\000i\000b\000l\000e\000\050\000\051}{subsection.4.4.1}% 112
\BOOKMARK [3][-]{subsubsection.4.4.1.10}{\376\377\0004\000.\0004\000.\0001\000.\0001\0000\000\040\000r\000e\000s\000e\000t\000E\000n\000e\000m\000y\000S\000t\000a\000t\000i\000c\000s\000\050\000\051}{subsection.4.4.1}% 113
\BOOKMARK [1][-]{section.4.5}{\376\377\0004\000.\0005\000\040\000D\000o\000k\000u\000m\000e\000n\000t\000a\000c\000j\000a\000\040\000p\000l\000i\000k\000u\000\040\000e\000n\000u\000m\000s\000S\000t\000r\000u\000c\000t\000s\000M\000a\000c\000r\000o\000s\000.\000h}{chapter.4}% 114
\BOOKMARK [2][-]{subsection.4.5.1}{\376\377\0004\000.\0005\000.\0001\000\040\000D\000o\000k\000u\000m\000e\000n\000t\000a\000c\000j\000a\000\040\000t\000y\000p\000\363\000w\000\040\000w\000y\000l\000i\000c\000z\000a\000n\000y\000c\000h}{section.4.5}% 115
\BOOKMARK [3][-]{subsubsection.4.5.1.1}{\376\377\0004\000.\0005\000.\0001\000.\0001\000\040\000b\000o\000m\000b\000S\000t\000a\000t\000e}{subsection.4.5.1}% 116
\BOOKMARK [3][-]{subsubsection.4.5.1.2}{\376\377\0004\000.\0005\000.\0001\000.\0002\000\040\000D\000i\000r\000e\000c\000t\000i\000o\000n}{subsection.4.5.1}% 117
\BOOKMARK [3][-]{subsubsection.4.5.1.3}{\376\377\0004\000.\0005\000.\0001\000.\0003\000\040\000E\000n\000e\000m\000y\000T\000y\000p\000e}{subsection.4.5.1}% 118
\BOOKMARK [3][-]{subsubsection.4.5.1.4}{\376\377\0004\000.\0005\000.\0001\000.\0004\000\040\000P\000a\000u\000s\000e\000S\000c\000r\000e\000e\000n\000T\000y\000p\000e}{subsection.4.5.1}% 119
\BOOKMARK [3][-]{subsubsection.4.5.1.5}{\376\377\0004\000.\0005\000.\0001\000.\0005\000\040\000S\000t\000a\000t\000u\000s}{subsection.4.5.1}% 120
\BOOKMARK [3][-]{subsubsection.4.5.1.6}{\376\377\0004\000.\0005\000.\0001\000.\0006\000\040\000t\000i\000l\000e\000T\000y\000p\000e}{subsection.4.5.1}% 121
\BOOKMARK [3][-]{subsubsection.4.5.1.7}{\376\377\0004\000.\0005\000.\0001\000.\0007\000\040\000u\000p\000g\000r\000a\000d\000e\000s}{subsection.4.5.1}% 122
\BOOKMARK [1][-]{section.4.6}{\376\377\0004\000.\0006\000\040\000D\000o\000k\000u\000m\000e\000n\000t\000a\000c\000j\000a\000\040\000p\000l\000i\000k\000u\000\040\000f\000o\000n\000t\000s\000.\000h}{chapter.4}% 123
\BOOKMARK [2][-]{subsection.4.6.1}{\376\377\0004\000.\0006\000.\0001\000\040\000D\000o\000k\000u\000m\000e\000n\000t\000a\000c\000j\000a\000\040\000d\000e\000f\000i\000n\000i\000c\000j\000i\000\040\000t\000y\000p\000\363\000w}{section.4.6}% 124
\BOOKMARK [3][-]{subsubsection.4.6.1.1}{\376\377\0004\000.\0006\000.\0001\000.\0001\000\040\000s\000i\000g\000n}{subsection.4.6.1}% 125
\BOOKMARK [2][-]{subsection.4.6.2}{\376\377\0004\000.\0006\000.\0002\000\040\000D\000o\000k\000u\000m\000e\000n\000t\000a\000c\000j\000a\000\040\000f\000u\000n\000k\000c\000j\000i}{section.4.6}% 126
\BOOKMARK [3][-]{subsubsection.4.6.2.1}{\376\377\0004\000.\0006\000.\0002\000.\0001\000\040\000t\000r\000a\000n\000s\000l\000a\000t\000e\000W\000o\000r\000d\000\050\000\051}{subsection.4.6.2}% 127
\BOOKMARK [3][-]{subsubsection.4.6.2.2}{\376\377\0004\000.\0006\000.\0002\000.\0002\000\040\000w\000r\000i\000t\000e\000D\000y\000n\000a\000m\000i\000c\000D\000a\000t\000a\000\050\000\051}{subsection.4.6.2}% 128
\BOOKMARK [3][-]{subsubsection.4.6.2.3}{\376\377\0004\000.\0006\000.\0002\000.\0003\000\040\000w\000r\000i\000t\000e\000P\000a\000u\000s\000e\000M\000e\000s\000s\000a\000g\000e\000\050\000\051}{subsection.4.6.2}% 129
\BOOKMARK [3][-]{subsubsection.4.6.2.4}{\376\377\0004\000.\0006\000.\0002\000.\0004\000\040\000w\000r\000i\000t\000e\000P\000a\000u\000s\000e\000M\000e\000s\000s\000a\000g\000e\000S\000c\000o\000r\000e\000\050\000\051}{subsection.4.6.2}% 130
\BOOKMARK [3][-]{subsubsection.4.6.2.5}{\376\377\0004\000.\0006\000.\0002\000.\0005\000\040\000w\000r\000i\000t\000e\000S\000t\000a\000t\000i\000c\000D\000a\000t\000a\000\050\000\051}{subsection.4.6.2}% 131
\BOOKMARK [1][-]{section.4.7}{\376\377\0004\000.\0007\000\040\000D\000o\000k\000u\000m\000e\000n\000t\000a\000c\000j\000a\000\040\000p\000l\000i\000k\000u\000\040\000h\000i\000g\000h\000s\000c\000o\000r\000e\000F\000i\000l\000e\000.\000c}{chapter.4}% 132
\BOOKMARK [2][-]{subsection.4.7.1}{\376\377\0004\000.\0007\000.\0001\000\040\000D\000o\000k\000u\000m\000e\000n\000t\000a\000c\000j\000a\000\040\000f\000u\000n\000k\000c\000j\000i}{section.4.7}% 133
\BOOKMARK [3][-]{subsubsection.4.7.1.1}{\376\377\0004\000.\0007\000.\0001\000.\0001\000\040\000g\000e\000t\000H\000i\000g\000h\000s\000c\000o\000r\000e\000\050\000\051}{subsection.4.7.1}% 134
\BOOKMARK [3][-]{subsubsection.4.7.1.2}{\376\377\0004\000.\0007\000.\0001\000.\0002\000\040\000s\000e\000t\000H\000i\000g\000h\000s\000c\000o\000r\000e\000\050\000\051}{subsection.4.7.1}% 135
\BOOKMARK [1][-]{section.4.8}{\376\377\0004\000.\0008\000\040\000D\000o\000k\000u\000m\000e\000n\000t\000a\000c\000j\000a\000\040\000p\000l\000i\000k\000u\000\040\000h\000i\000g\000h\000s\000c\000o\000r\000e\000F\000i\000l\000e\000.\000h}{chapter.4}% 136
\BOOKMARK [2][-]{subsection.4.8.1}{\376\377\0004\000.\0008\000.\0001\000\040\000D\000o\000k\000u\000m\000e\000n\000t\000a\000c\000j\000a\000\040\000f\000u\000n\000k\000c\000j\000i}{section.4.8}% 137
\BOOKMARK [3][-]{subsubsection.4.8.1.1}{\376\377\0004\000.\0008\000.\0001\000.\0001\000\040\000g\000e\000t\000H\000i\000g\000h\000s\000c\000o\000r\000e\000\050\000\051}{subsection.4.8.1}% 138
\BOOKMARK [3][-]{subsubsection.4.8.1.2}{\376\377\0004\000.\0008\000.\0001\000.\0002\000\040\000s\000e\000t\000H\000i\000g\000h\000s\000c\000o\000r\000e\000\050\000\051}{subsection.4.8.1}% 139
\BOOKMARK [1][-]{section.4.9}{\376\377\0004\000.\0009\000\040\000D\000o\000k\000u\000m\000e\000n\000t\000a\000c\000j\000a\000\040\000p\000l\000i\000k\000u\000\040\000m\000a\000i\000n\000.\000c}{chapter.4}% 140
\BOOKMARK [2][-]{subsection.4.9.1}{\376\377\0004\000.\0009\000.\0001\000\040\000D\000o\000k\000u\000m\000e\000n\000t\000a\000c\000j\000a\000\040\000f\000u\000n\000k\000c\000j\000i}{section.4.9}% 141
\BOOKMARK [3][-]{subsubsection.4.9.1.1}{\376\377\0004\000.\0009\000.\0001\000.\0001\000\040\000e\000r\000r\000o\000r\000\137\000c\000a\000l\000l\000b\000a\000c\000k\000\050\000\051}{subsection.4.9.1}% 142
\BOOKMARK [3][-]{subsubsection.4.9.1.2}{\376\377\0004\000.\0009\000.\0001\000.\0002\000\040\000i\000n\000i\000t\000\050\000\051}{subsection.4.9.1}% 143
\BOOKMARK [3][-]{subsubsection.4.9.1.3}{\376\377\0004\000.\0009\000.\0001\000.\0003\000\040\000k\000e\000y\000\137\000c\000a\000l\000l\000b\000a\000c\000k\000\050\000\051}{subsection.4.9.1}% 144
\BOOKMARK [3][-]{subsubsection.4.9.1.4}{\376\377\0004\000.\0009\000.\0001\000.\0004\000\040\000p\000a\000u\000s\000e\000G\000a\000m\000e\000\050\000\051}{subsection.4.9.1}% 145
\BOOKMARK [3][-]{subsubsection.4.9.1.5}{\376\377\0004\000.\0009\000.\0001\000.\0005\000\040\000r\000e\000s\000e\000t\000T\000i\000m\000e\000s\000\050\000\051}{subsection.4.9.1}% 146
\BOOKMARK [3][-]{subsubsection.4.9.1.6}{\376\377\0004\000.\0009\000.\0001\000.\0006\000\040\000s\000e\000t\000D\000e\000f\000a\000u\000l\000t\000s\000I\000f\000N\000e\000c\000e\000s\000s\000a\000r\000y\000\050\000\051}{subsection.4.9.1}% 147
\BOOKMARK [3][-]{subsubsection.4.9.1.7}{\376\377\0004\000.\0009\000.\0001\000.\0007\000\040\000u\000n\000P\000a\000u\000s\000e\000G\000a\000m\000e\000\050\000\051}{subsection.4.9.1}% 148
\BOOKMARK [1][-]{section.4.10}{\376\377\0004\000.\0001\0000\000\040\000D\000o\000k\000u\000m\000e\000n\000t\000a\000c\000j\000a\000\040\000p\000l\000i\000k\000u\000\040\000m\000a\000n\000a\000g\000e\000\040\000b\000o\000m\000b\000s\000.\000C}{chapter.4}% 149
\BOOKMARK [2][-]{subsection.4.10.1}{\376\377\0004\000.\0001\0000\000.\0001\000\040\000D\000o\000k\000u\000m\000e\000n\000t\000a\000c\000j\000a\000\040\000f\000u\000n\000k\000c\000j\000i}{section.4.10}% 150
\BOOKMARK [3][-]{subsubsection.4.10.1.1}{\376\377\0004\000.\0001\0000\000.\0001\000.\0001\000\040\000c\000l\000e\000a\000n\000T\000i\000l\000e\000\050\000\051}{subsection.4.10.1}% 151
\BOOKMARK [3][-]{subsubsection.4.10.1.2}{\376\377\0004\000.\0001\0000\000.\0001\000.\0002\000\040\000c\000l\000e\000a\000n\000U\000p\000\050\000\051}{subsection.4.10.1}% 152
\BOOKMARK [3][-]{subsubsection.4.10.1.3}{\376\377\0004\000.\0001\0000\000.\0001\000.\0003\000\040\000e\000x\000p\000l\000o\000d\000e\000B\000o\000m\000b\000A\000d\000d\000P\000o\000i\000n\000t\000s\000\050\000\051}{subsection.4.10.1}% 153
\BOOKMARK [3][-]{subsubsection.4.10.1.4}{\376\377\0004\000.\0001\0000\000.\0001\000.\0004\000\040\000g\000e\000t\000B\000o\000m\000b\000I\000D\000\050\000\051}{subsection.4.10.1}% 154
\BOOKMARK [3][-]{subsubsection.4.10.1.5}{\376\377\0004\000.\0001\0000\000.\0001\000.\0005\000\040\000m\000o\000v\000e\000B\000o\000m\000b\000D\000a\000t\000a\000\050\000\051}{subsection.4.10.1}% 155
\BOOKMARK [3][-]{subsubsection.4.10.1.6}{\376\377\0004\000.\0001\0000\000.\0001\000.\0006\000\040\000m\000o\000v\000e\000C\000h\000e\000c\000k\000E\000x\000p\000l\000o\000d\000e\000A\000n\000d\000C\000l\000e\000a\000n\000U\000p\000B\000o\000m\000b\000s\000\050\000\051}{subsection.4.10.1}% 156
\BOOKMARK [3][-]{subsubsection.4.10.1.7}{\376\377\0004\000.\0001\0000\000.\0001\000.\0007\000\040\000m\000o\000v\000e\000T\000i\000l\000e\000\050\000\051}{subsection.4.10.1}% 157
\BOOKMARK [3][-]{subsubsection.4.10.1.8}{\376\377\0004\000.\0001\0000\000.\0001\000.\0008\000\040\000s\000p\000r\000e\000a\000d\000F\000i\000r\000e\000\050\000\051}{subsection.4.10.1}% 158
\BOOKMARK [1][-]{section.4.11}{\376\377\0004\000.\0001\0001\000\040\000D\000o\000k\000u\000m\000e\000n\000t\000a\000c\000j\000a\000\040\000p\000l\000i\000k\000u\000\040\000m\000a\000n\000a\000g\000e\000\040\000b\000o\000m\000b\000s\000.\000h}{chapter.4}% 159
\BOOKMARK [2][-]{subsection.4.11.1}{\376\377\0004\000.\0001\0001\000.\0001\000\040\000D\000o\000k\000u\000m\000e\000n\000t\000a\000c\000j\000a\000\040\000f\000u\000n\000k\000c\000j\000i}{section.4.11}% 160
\BOOKMARK [3][-]{subsubsection.4.11.1.1}{\376\377\0004\000.\0001\0001\000.\0001\000.\0001\000\040\000c\000l\000e\000a\000n\000T\000i\000l\000e\000\050\000\051}{subsection.4.11.1}% 161
\BOOKMARK [3][-]{subsubsection.4.11.1.2}{\376\377\0004\000.\0001\0001\000.\0001\000.\0002\000\040\000c\000l\000e\000a\000n\000U\000p\000\050\000\051}{subsection.4.11.1}% 162
\BOOKMARK [3][-]{subsubsection.4.11.1.3}{\376\377\0004\000.\0001\0001\000.\0001\000.\0003\000\040\000e\000x\000p\000l\000o\000d\000e\000B\000o\000m\000b\000A\000d\000d\000P\000o\000i\000n\000t\000s\000\050\000\051}{subsection.4.11.1}% 163
\BOOKMARK [3][-]{subsubsection.4.11.1.4}{\376\377\0004\000.\0001\0001\000.\0001\000.\0004\000\040\000g\000e\000t\000B\000o\000m\000b\000I\000D\000\050\000\051}{subsection.4.11.1}% 164
\BOOKMARK [3][-]{subsubsection.4.11.1.5}{\376\377\0004\000.\0001\0001\000.\0001\000.\0005\000\040\000m\000o\000v\000e\000B\000o\000m\000b\000D\000a\000t\000a\000\050\000\051}{subsection.4.11.1}% 165
\BOOKMARK [3][-]{subsubsection.4.11.1.6}{\376\377\0004\000.\0001\0001\000.\0001\000.\0006\000\040\000m\000o\000v\000e\000C\000h\000e\000c\000k\000E\000x\000p\000l\000o\000d\000e\000A\000n\000d\000C\000l\000e\000a\000n\000U\000p\000B\000o\000m\000b\000s\000\050\000\051}{subsection.4.11.1}% 166
\BOOKMARK [3][-]{subsubsection.4.11.1.7}{\376\377\0004\000.\0001\0001\000.\0001\000.\0007\000\040\000m\000o\000v\000e\000T\000i\000l\000e\000\050\000\051}{subsection.4.11.1}% 167
\BOOKMARK [3][-]{subsubsection.4.11.1.8}{\376\377\0004\000.\0001\0001\000.\0001\000.\0008\000\040\000s\000p\000r\000e\000a\000d\000F\000i\000r\000e\000\050\000\051}{subsection.4.11.1}% 168
\BOOKMARK [1][-]{section.4.12}{\376\377\0004\000.\0001\0002\000\040\000D\000o\000k\000u\000m\000e\000n\000t\000a\000c\000j\000a\000\040\000p\000l\000i\000k\000u\000\040\000m\000a\000p\000M\000e\000m\000A\000n\000d\000G\000e\000n\000.\000c}{chapter.4}% 169
\BOOKMARK [2][-]{subsection.4.12.1}{\376\377\0004\000.\0001\0002\000.\0001\000\040\000D\000o\000k\000u\000m\000e\000n\000t\000a\000c\000j\000a\000\040\000f\000u\000n\000k\000c\000j\000i}{section.4.12}% 170
\BOOKMARK [3][-]{subsubsection.4.12.1.1}{\376\377\0004\000.\0001\0002\000.\0001\000.\0001\000\040\000a\000l\000l\000o\000c\000a\000t\000e\000M\000a\000p\000\050\000\051}{subsection.4.12.1}% 171
\BOOKMARK [3][-]{subsubsection.4.12.1.2}{\376\377\0004\000.\0001\0002\000.\0001\000.\0002\000\040\000d\000e\000a\000l\000o\000c\000a\000t\000e\000M\000a\000p\000\050\000\051}{subsection.4.12.1}% 172
\BOOKMARK [3][-]{subsubsection.4.12.1.3}{\376\377\0004\000.\0001\0002\000.\0001\000.\0003\000\040\000g\000e\000n\000e\000r\000a\000t\000e\000M\000a\000p\000\050\000\051}{subsection.4.12.1}% 173
\BOOKMARK [1][-]{section.4.13}{\376\377\0004\000.\0001\0003\000\040\000D\000o\000k\000u\000m\000e\000n\000t\000a\000c\000j\000a\000\040\000p\000l\000i\000k\000u\000\040\000m\000a\000p\000M\000e\000m\000A\000n\000d\000G\000e\000n\000.\000h}{chapter.4}% 174
\BOOKMARK [2][-]{subsection.4.13.1}{\376\377\0004\000.\0001\0003\000.\0001\000\040\000D\000o\000k\000u\000m\000e\000n\000t\000a\000c\000j\000a\000\040\000f\000u\000n\000k\000c\000j\000i}{section.4.13}% 175
\BOOKMARK [3][-]{subsubsection.4.13.1.1}{\376\377\0004\000.\0001\0003\000.\0001\000.\0001\000\040\000a\000l\000l\000o\000c\000a\000t\000e\000M\000a\000p\000\050\000\051}{subsection.4.13.1}% 176
\BOOKMARK [3][-]{subsubsection.4.13.1.2}{\376\377\0004\000.\0001\0003\000.\0001\000.\0002\000\040\000d\000e\000a\000l\000o\000c\000a\000t\000e\000M\000a\000p\000\050\000\051}{subsection.4.13.1}% 177
\BOOKMARK [3][-]{subsubsection.4.13.1.3}{\376\377\0004\000.\0001\0003\000.\0001\000.\0003\000\040\000g\000e\000n\000e\000r\000a\000t\000e\000M\000a\000p\000\050\000\051}{subsection.4.13.1}% 178
\BOOKMARK [1][-]{section.4.14}{\376\377\0004\000.\0001\0004\000\040\000D\000o\000k\000u\000m\000e\000n\000t\000a\000c\000j\000a\000\040\000p\000l\000i\000k\000u\000\040\000p\000l\000a\000y\000e\000r\000.\000c}{chapter.4}% 179
\BOOKMARK [2][-]{subsection.4.14.1}{\376\377\0004\000.\0001\0004\000.\0001\000\040\000D\000o\000k\000u\000m\000e\000n\000t\000a\000c\000j\000a\000\040\000f\000u\000n\000k\000c\000j\000i}{section.4.14}% 180
\BOOKMARK [3][-]{subsubsection.4.14.1.1}{\376\377\0004\000.\0001\0004\000.\0001\000.\0001\000\040\000c\000h\000e\000c\000k\000P\000l\000a\000y\000e\000r\000\050\000\051}{subsection.4.14.1}% 181
\BOOKMARK [3][-]{subsubsection.4.14.1.2}{\376\377\0004\000.\0001\0004\000.\0001\000.\0002\000\040\000d\000a\000m\000a\000g\000e\000P\000l\000a\000y\000e\000r\000\050\000\051}{subsection.4.14.1}% 182
\BOOKMARK [3][-]{subsubsection.4.14.1.3}{\376\377\0004\000.\0001\0004\000.\0001\000.\0003\000\040\000d\000e\000c\000r\000e\000a\000s\000e\000B\000o\000m\000b\000F\000i\000r\000e\000R\000a\000n\000g\000e\000\050\000\051}{subsection.4.14.1}% 183
\BOOKMARK [3][-]{subsubsection.4.14.1.4}{\376\377\0004\000.\0001\0004\000.\0001\000.\0004\000\040\000d\000e\000c\000r\000e\000a\000s\000e\000B\000o\000m\000b\000s\000A\000v\000a\000l\000i\000b\000l\000e\000\050\000\051}{subsection.4.14.1}% 184
\BOOKMARK [3][-]{subsubsection.4.14.1.5}{\376\377\0004\000.\0001\0004\000.\0001\000.\0005\000\040\000i\000n\000c\000r\000e\000a\000s\000e\000B\000o\000m\000b\000F\000i\000r\000e\000R\000a\000n\000g\000e\000\050\000\051}{subsection.4.14.1}% 185
\BOOKMARK [3][-]{subsubsection.4.14.1.6}{\376\377\0004\000.\0001\0004\000.\0001\000.\0006\000\040\000i\000n\000c\000r\000e\000a\000s\000e\000B\000o\000m\000b\000s\000A\000v\000a\000l\000i\000b\000l\000e\000\050\000\051}{subsection.4.14.1}% 186
\BOOKMARK [3][-]{subsubsection.4.14.1.7}{\376\377\0004\000.\0001\0004\000.\0001\000.\0007\000\040\000i\000n\000i\000t\000P\000l\000a\000y\000e\000r\000\050\000\051}{subsection.4.14.1}% 187
\BOOKMARK [3][-]{subsubsection.4.14.1.8}{\376\377\0004\000.\0001\0004\000.\0001\000.\0008\000\040\000k\000i\000c\000k\000S\000w\000i\000t\000c\000h\000\050\000\051}{subsection.4.14.1}% 188
\BOOKMARK [3][-]{subsubsection.4.14.1.9}{\376\377\0004\000.\0001\0004\000.\0001\000.\0009\000\040\000m\000o\000v\000e\000I\000n\000A\000D\000i\000r\000e\000c\000t\000i\000o\000n\000A\000n\000d\000K\000i\000c\000k\000I\000f\000P\000o\000s\000s\000i\000b\000l\000e\000A\000n\000d\000C\000o\000l\000l\000e\000c\000t\000A\000n\000U\000p\000g\000r\000a\000d\000e\000\050\000\051}{subsection.4.14.1}% 189
\BOOKMARK [3][-]{subsubsection.4.14.1.10}{\376\377\0004\000.\0001\0004\000.\0001\000.\0001\0000\000\040\000o\000p\000e\000n\000P\000o\000r\000t\000a\000l\000\050\000\051}{subsection.4.14.1}% 190
\BOOKMARK [3][-]{subsubsection.4.14.1.11}{\376\377\0004\000.\0001\0004\000.\0001\000.\0001\0001\000\040\000p\000l\000a\000c\000e\000B\000o\000m\000b\000\050\000\051}{subsection.4.14.1}% 191
\BOOKMARK [3][-]{subsubsection.4.14.1.12}{\376\377\0004\000.\0001\0004\000.\0001\000.\0001\0002\000\040\000p\000l\000a\000c\000e\000B\000o\000x\000\050\000\051}{subsection.4.14.1}% 192
\BOOKMARK [3][-]{subsubsection.4.14.1.13}{\376\377\0004\000.\0001\0004\000.\0001\000.\0001\0003\000\040\000r\000e\000I\000n\000i\000t\000P\000l\000a\000y\000e\000r\000\050\000\051}{subsection.4.14.1}% 193
\BOOKMARK [3][-]{subsubsection.4.14.1.14}{\376\377\0004\000.\0001\0004\000.\0001\000.\0001\0004\000\040\000r\000e\000s\000e\000t\000P\000l\000a\000y\000e\000r\000S\000t\000a\000t\000i\000c\000s\000\050\000\051}{subsection.4.14.1}% 194
\BOOKMARK [3][-]{subsubsection.4.14.1.15}{\376\377\0004\000.\0001\0004\000.\0001\000.\0001\0005\000\040\000s\000h\000i\000e\000l\000d\000S\000w\000i\000t\000c\000h\000\050\000\051}{subsection.4.14.1}% 195
\BOOKMARK [3][-]{subsubsection.4.14.1.16}{\376\377\0004\000.\0001\0004\000.\0001\000.\0001\0006\000\040\000w\000a\000i\000t\000F\000o\000r\000G\000a\000m\000e\000\137\000o\000v\000e\000r\000\050\000\051}{subsection.4.14.1}% 196
\BOOKMARK [3][-]{subsubsection.4.14.1.17}{\376\377\0004\000.\0001\0004\000.\0001\000.\0001\0007\000\040\000w\000a\000i\000t\000F\000o\000r\000N\000e\000x\000t\000S\000t\000a\000g\000e\000A\000n\000d\000S\000u\000m\000S\000c\000o\000r\000e\000\050\000\051}{subsection.4.14.1}% 197
\BOOKMARK [1][-]{section.4.15}{\376\377\0004\000.\0001\0005\000\040\000D\000o\000k\000u\000m\000e\000n\000t\000a\000c\000j\000a\000\040\000p\000l\000i\000k\000u\000\040\000p\000l\000a\000y\000e\000r\000.\000h}{chapter.4}% 198
\BOOKMARK [2][-]{subsection.4.15.1}{\376\377\0004\000.\0001\0005\000.\0001\000\040\000D\000o\000k\000u\000m\000e\000n\000t\000a\000c\000j\000a\000\040\000f\000u\000n\000k\000c\000j\000i}{section.4.15}% 199
\BOOKMARK [3][-]{subsubsection.4.15.1.1}{\376\377\0004\000.\0001\0005\000.\0001\000.\0001\000\040\000c\000h\000e\000c\000k\000P\000l\000a\000y\000e\000r\000\050\000\051}{subsection.4.15.1}% 200
\BOOKMARK [3][-]{subsubsection.4.15.1.2}{\376\377\0004\000.\0001\0005\000.\0001\000.\0002\000\040\000d\000a\000m\000a\000g\000e\000P\000l\000a\000y\000e\000r\000\050\000\051}{subsection.4.15.1}% 201
\BOOKMARK [3][-]{subsubsection.4.15.1.3}{\376\377\0004\000.\0001\0005\000.\0001\000.\0003\000\040\000d\000e\000c\000r\000e\000a\000s\000e\000B\000o\000m\000b\000F\000i\000r\000e\000R\000a\000n\000g\000e\000\050\000\051}{subsection.4.15.1}% 202
\BOOKMARK [3][-]{subsubsection.4.15.1.4}{\376\377\0004\000.\0001\0005\000.\0001\000.\0004\000\040\000d\000e\000c\000r\000e\000a\000s\000e\000B\000o\000m\000b\000s\000A\000v\000a\000l\000i\000b\000l\000e\000\050\000\051}{subsection.4.15.1}% 203
\BOOKMARK [3][-]{subsubsection.4.15.1.5}{\376\377\0004\000.\0001\0005\000.\0001\000.\0005\000\040\000i\000n\000c\000r\000e\000a\000s\000e\000B\000o\000m\000b\000F\000i\000r\000e\000R\000a\000n\000g\000e\000\050\000\051}{subsection.4.15.1}% 204
\BOOKMARK [3][-]{subsubsection.4.15.1.6}{\376\377\0004\000.\0001\0005\000.\0001\000.\0006\000\040\000i\000n\000c\000r\000e\000a\000s\000e\000B\000o\000m\000b\000s\000A\000v\000a\000l\000i\000b\000l\000e\000\050\000\051}{subsection.4.15.1}% 205
\BOOKMARK [3][-]{subsubsection.4.15.1.7}{\376\377\0004\000.\0001\0005\000.\0001\000.\0007\000\040\000i\000n\000i\000t\000P\000l\000a\000y\000e\000r\000\050\000\051}{subsection.4.15.1}% 206
\BOOKMARK [3][-]{subsubsection.4.15.1.8}{\376\377\0004\000.\0001\0005\000.\0001\000.\0008\000\040\000k\000i\000c\000k\000S\000w\000i\000t\000c\000h\000\050\000\051}{subsection.4.15.1}% 207
\BOOKMARK [3][-]{subsubsection.4.15.1.9}{\376\377\0004\000.\0001\0005\000.\0001\000.\0009\000\040\000m\000o\000v\000e\000I\000n\000A\000D\000i\000r\000e\000c\000t\000i\000o\000n\000A\000n\000d\000K\000i\000c\000k\000I\000f\000P\000o\000s\000s\000i\000b\000l\000e\000A\000n\000d\000C\000o\000l\000l\000e\000c\000t\000A\000n\000U\000p\000g\000r\000a\000d\000e\000\050\000\051}{subsection.4.15.1}% 208
\BOOKMARK [3][-]{subsubsection.4.15.1.10}{\376\377\0004\000.\0001\0005\000.\0001\000.\0001\0000\000\040\000o\000p\000e\000n\000P\000o\000r\000t\000a\000l\000\050\000\051}{subsection.4.15.1}% 209
\BOOKMARK [3][-]{subsubsection.4.15.1.11}{\376\377\0004\000.\0001\0005\000.\0001\000.\0001\0001\000\040\000p\000l\000a\000c\000e\000B\000o\000m\000b\000\050\000\051}{subsection.4.15.1}% 210
\BOOKMARK [3][-]{subsubsection.4.15.1.12}{\376\377\0004\000.\0001\0005\000.\0001\000.\0001\0002\000\040\000p\000l\000a\000c\000e\000B\000o\000x\000\050\000\051}{subsection.4.15.1}% 211
\BOOKMARK [3][-]{subsubsection.4.15.1.13}{\376\377\0004\000.\0001\0005\000.\0001\000.\0001\0003\000\040\000r\000e\000I\000n\000i\000t\000P\000l\000a\000y\000e\000r\000\050\000\051}{subsection.4.15.1}% 212
\BOOKMARK [3][-]{subsubsection.4.15.1.14}{\376\377\0004\000.\0001\0005\000.\0001\000.\0001\0004\000\040\000r\000e\000s\000e\000t\000P\000l\000a\000y\000e\000r\000S\000t\000a\000t\000i\000c\000s\000\050\000\051}{subsection.4.15.1}% 213
\BOOKMARK [3][-]{subsubsection.4.15.1.15}{\376\377\0004\000.\0001\0005\000.\0001\000.\0001\0005\000\040\000s\000h\000i\000e\000l\000d\000S\000w\000i\000t\000c\000h\000\050\000\051}{subsection.4.15.1}% 214
\BOOKMARK [3][-]{subsubsection.4.15.1.16}{\376\377\0004\000.\0001\0005\000.\0001\000.\0001\0006\000\040\000w\000a\000i\000t\000F\000o\000r\000G\000a\000m\000e\000\137\000o\000v\000e\000r\000\050\000\051}{subsection.4.15.1}% 215
\BOOKMARK [3][-]{subsubsection.4.15.1.17}{\376\377\0004\000.\0001\0005\000.\0001\000.\0001\0007\000\040\000w\000a\000i\000t\000F\000o\000r\000N\000e\000x\000t\000S\000t\000a\000g\000e\000A\000n\000d\000S\000u\000m\000S\000c\000o\000r\000e\000\050\000\051}{subsection.4.15.1}% 216
\BOOKMARK [1][-]{section.4.16}{\376\377\0004\000.\0001\0006\000\040\000D\000o\000k\000u\000m\000e\000n\000t\000a\000c\000j\000a\000\040\000p\000l\000i\000k\000u\000\040\000T\000e\000s\000t\000A\000r\000g\000.\000h}{chapter.4}% 217
\BOOKMARK [2][-]{subsection.4.16.1}{\376\377\0004\000.\0001\0006\000.\0001\000\040\000D\000o\000k\000u\000m\000e\000n\000t\000a\000c\000j\000a\000\040\000f\000u\000n\000k\000c\000j\000i}{section.4.16}% 218
\BOOKMARK [3][-]{subsubsection.4.16.1.1}{\376\377\0004\000.\0001\0006\000.\0001\000.\0001\000\040\000c\000h\000e\000c\000k\000\137\000p\000a\000r\000a\000m\000\050\000\051}{subsection.4.16.1}% 219
\BOOKMARK [1][-]{section.4.17}{\376\377\0004\000.\0001\0007\000\040\000D\000o\000k\000u\000m\000e\000n\000t\000a\000c\000j\000a\000\040\000p\000l\000i\000k\000u\000\040\000T\000e\000s\000t\000y\000A\000r\000g\000.\000c}{chapter.4}% 220
\BOOKMARK [2][-]{subsection.4.17.1}{\376\377\0004\000.\0001\0007\000.\0001\000\040\000D\000o\000k\000u\000m\000e\000n\000t\000a\000c\000j\000a\000\040\000f\000u\000n\000k\000c\000j\000i}{section.4.17}% 221
\BOOKMARK [3][-]{subsubsection.4.17.1.1}{\376\377\0004\000.\0001\0007\000.\0001\000.\0001\000\040\000c\000h\000e\000c\000k\000\137\000p\000a\000r\000a\000m\000\050\000\051}{subsection.4.17.1}% 222
\BOOKMARK [0][-]{section*.27}{\376\377\000I\000n\000d\000e\000k\000s}{}% 223
