cl : Command line warning D9025: overriding '/sdl' with '/GS-'
  Enemies.c
c:\users\bebok\desktop\c\pk2 projekt\boomber\boomber\enemies.c(10): warning C4047: 'function': 'tile **' differs in levels of indirection from 'tile *'
c:\users\bebok\desktop\c\pk2 projekt\boomber\boomber\enemies.c(10): warning C4024: 'dropEnemies': different types for formal and actual parameter 2
c:\users\bebok\desktop\c\pk2 projekt\boomber\boomber\enemies.c(29): warning C4013: 'time' undefined; assuming extern returning int
c:\users\bebok\desktop\c\pk2 projekt\boomber\boomber\enemies.c(190): warning C4033: 'manageEnemiesAndScore' must return a value
c:\users\bebok\desktop\c\pk2 projekt\boomber\boomber\enemies.c(212): warning C4244: '=': conversion from 'double' to 'float', possible loss of data
  main.c
c:\users\bebok\desktop\c\pk2 projekt\boomber\boomber\main.c(169): warning C4244: '=': conversion from 'double' to 'int', possible loss of data
c:\users\bebok\desktop\c\pk2 projekt\boomber\boomber\main.c(175): warning C4047: '!=': 'int *' differs in levels of indirection from 'int'
c:\users\bebok\desktop\c\pk2 projekt\boomber\boomber\main.c(176): warning C4244: '=': conversion from 'double' to 'int', possible loss of data
c:\users\bebok\desktop\c\pk2 projekt\boomber\boomber\main.c(186): warning C4244: '=': conversion from 'double' to 'int', possible loss of data
c:\users\bebok\desktop\c\pk2 projekt\boomber\boomber\main.c(195): warning C4013: 'free' undefined; assuming extern returning int
c:\users\bebok\desktop\c\pk2 projekt\boomber\boomber\main.c(201): warning C4013: 'malloc' undefined; assuming extern returning int
c:\users\bebok\desktop\c\pk2 projekt\boomber\boomber\main.c(201): warning C4047: '=': 'tile **' differs in levels of indirection from 'int'
c:\users\bebok\desktop\c\pk2 projekt\boomber\boomber\main.c(203): warning C4047: '=': 'tile *' differs in levels of indirection from 'int'
c:\users\bebok\desktop\c\pk2 projekt\boomber\boomber\main.c(220): warning C4047: 'function': 'tile *' differs in levels of indirection from 'tile **'
c:\users\bebok\desktop\c\pk2 projekt\boomber\boomber\main.c(220): warning C4024: 'initEnemies': different types for formal and actual parameter 2
c:\users\bebok\desktop\c\pk2 projekt\boomber\boomber\main.c(265): warning C4013: 'exit' undefined; assuming extern returning int
c:\users\bebok\desktop\c\pk2 projekt\boomber\boomber\main.c(307): warning C4113: 'void (__cdecl *)(GLFWwindow *,int,int,int,int,tile ***,Player *,int *,int *)' differs in parameter lists from 'GLFWkeyfun'
c:\users\bebok\desktop\c\pk2 projekt\boomber\boomber\main.c(315): warning C4087: 'glfwGetTime': declared with 'void' parameter list
c:\users\bebok\desktop\c\pk2 projekt\boomber\boomber\main.c(375): warning C4047: 'function': 'tile *' differs in levels of indirection from 'tile **'
c:\users\bebok\desktop\c\pk2 projekt\boomber\boomber\main.c(375): warning C4024: 'initEnemies': different types for formal and actual parameter 2
c:\users\bebok\desktop\c\pk2 projekt\boomber\boomber\main.c(384): warning C4047: 'function': 'tile *' differs in levels of indirection from 'tile **'
c:\users\bebok\desktop\c\pk2 projekt\boomber\boomber\main.c(384): warning C4024: 'initEnemies': different types for formal and actual parameter 2
c:\users\bebok\desktop\c\pk2 projekt\boomber\boomber\main.c(277): warning C4996: 'fopen': This function or variable may be unsafe. Consider using fopen_s instead. To disable deprecation, use _CRT_SECURE_NO_WARNINGS. See online help for details.
  c:\program files (x86)\windows kits\10\include\10.0.16299.0\ucrt\stdio.h(207): note: see declaration of 'fopen'
c:\users\bebok\desktop\c\pk2 projekt\boomber\boomber\main.c(279): warning C4996: 'fopen': This function or variable may be unsafe. Consider using fopen_s instead. To disable deprecation, use _CRT_SECURE_NO_WARNINGS. See online help for details.
  c:\program files (x86)\windows kits\10\include\10.0.16299.0\ucrt\stdio.h(207): note: see declaration of 'fopen'
c:\users\bebok\desktop\c\pk2 projekt\boomber\boomber\main.c(394): warning C4996: 'fopen': This function or variable may be unsafe. Consider using fopen_s instead. To disable deprecation, use _CRT_SECURE_NO_WARNINGS. See online help for details.
  c:\program files (x86)\windows kits\10\include\10.0.16299.0\ucrt\stdio.h(207): note: see declaration of 'fopen'
  Generating code
  0 of 81 functions ( 0.0%) were compiled, the rest were copied from previous compilation.
    0 functions were new in current compilation
    0 functions had inline decision re-evaluated but remain unchanged
  Finished generating code
  Boomber.vcxproj -> C:\Users\Bebok\Desktop\C\pk2 projekt\Boomber\Release\Boomber.exe
